2020-06-03 09:58:09:589 info: Method: GET | To: /api/test/test | Query: {}
2021-01-29 13:33:43:3343 info: Method: GET | To: /discovery | Query: {}
2021-01-29 13:33:43:3343 info: Method: GET | To: /favicon.ico | Query: {}
2021-01-29 13:46:46:4646 info: Method: GET | To: /discovery | Query: {"lat":"51.1","lon":"41.5"}
2021-01-29 13:52:50:5250 info: Method: GET | To: /discovery | Query: {"lat":"51.1","lon":"41.5"}
2021-01-29 13:53:11:5311 info: Method: GET | To: /discovery | Query: {"lat":"51aa.1","lon":"41.5"}
2021-01-29 13:53:27:5327 info: Method: GET | To: /discovery | Query: {"lat":"51aa.1","lon":"41.5"}
2021-01-29 13:53:27:5327 info: Method: GET | To: /discovery | Query: {"lat":"51aa.1","lon":"41.5"}
2021-01-29 13:53:45:5345 info: Method: GET | To: /discovery | Query: {"lat":"51aa.1","lon":"41.5"}
2021-01-29 14:16:41:1641 info: Method: GET | To: /discovery | Query: {"lat":"51aa.1","lon":"41.5"}
2021-01-29 14:17:51:1751 info: Method: GET | To: /discovery | Query: {"lat":"51aa.1","lon":"41.5"}
2021-01-29 14:35:55:3555 info: Method: GET | To: /discovery | Query: {"lat":"5   1.1","lon":"41.5"}
2021-01-29 14:36:30:3630 info: Method: GET | To: /discovery | Query: {"lat":"52.011","lon":"41.5"}
2021-01-29 14:36:40:3640 info: Method: GET | To: /discovery | Query: {"lat":"52.011","lon":["41.5","41.5"]}
2021-01-29 14:37:23:3723 info: Method: GET | To: /discovery | Query: {"lat":"52.011","lon":["41.5","41.5"]}
2021-01-29 14:37:56:3756 info: Method: GET | To: /discovery | Query: {"lat":"52.011","lon":["41.5","41.5"]}
2021-01-29 14:37:57:3757 info: Method: GET | To: /discovery | Query: {"lat":"52.011","lon":["41.5","41.5"]}
2021-01-29 14:38:32:3832 info: Method: GET | To: /discovery | Query: {"lat":"52.011","lon":["41.5","41.5"]}
2021-01-29 14:48:07:487 info: Method: GET | To: /discovery | Query: {"lat":"52.01"}
2021-01-29 14:48:30:4830 info: Method: GET | To: /discovery | Query: {"lat":"52.01"}
2021-01-29 14:59:27:5927 info: Method: GET | To: /discovery | Query: {"lat":"52.01"}
2021-01-29 14:59:40:5940 info: Method: GET | To: /discovery | Query: {"lat":"52.01","long":"24.44"}
2021-01-29 14:59:45:5945 info: Method: GET | To: /discovery | Query: {"lat":"52.01","lon":"24.44"}
2021-01-29 15:00:31:031 info: Method: GET | To: /discovery | Query: {"lat":"24.938082","lon":"60.17626"}
2021-01-29 15:47:54:4754 info: Method: GET | To: /discovery | Query: {"lat":"24.938082","lon":"60.17626"}
2021-01-29 15:49:33:4933 info: Method: GET | To: /discovery | Query: {"lat":"24.938082","lon":"60.17626"}
2021-01-29 15:49:42:4942 info: Method: GET | To: /discovery | Query: {"lat":"24.938082","lon":"60.17626"}
2021-01-29 15:51:14:5114 info: Method: GET | To: /discovery | Query: {"lat":"24.938082","lon":"60.17626"}
2021-01-29 15:54:17:5417 info: Method: GET | To: /discovery | Query: {"lat":"24.938082","lon":"60.17626"}
2021-01-29 15:54:23:5423 info: Method: GET | To: /discovery | Query: {"lat":"24.938082","lon":"60.17626"}
2021-01-29 15:56:12:5612 info: Method: GET | To: /discovery | Query: {"lat":"24.938082","lon":"60.17626"}
2021-01-29 15:56:28:5628 info: Method: GET | To: /discovery | Query: {"lat":"24.938082","lon":"60.17626"}
2021-01-29 15:56:52:5652 info: Method: GET | To: /discovery | Query: {"lat":"24.938082","lon":"60.17626"}
2021-01-29 15:59:55:5955 info: Method: GET | To: /discovery | Query: {"lat":"24.938082","lon":"60.17626"}
2021-01-29 16:00:35:035 info: Method: GET | To: /discovery | Query: {"lat":"24.938082","lon":"60.17626"}
2021-01-29 16:11:12:1112 info: Method: GET | To: /discovery | Query: {"lat":"24.938082","lon":"60.17626"}
2021-01-29 16:13:06:136 info: Method: GET | To: /discovery | Query: {"lat":"24.938082","lon":"60.17626"}
2021-01-29 16:13:12:1312 info: Method: GET | To: /discovery | Query: {"lat":"24.938082","lon":"60.17626"}
2021-01-29 16:13:15:1315 info: Method: GET | To: /discovery | Query: {"lat":"24.938082","lon":"60.17626"}
2021-01-29 16:13:17:1317 info: Method: GET | To: /discovery | Query: {"lat":"24.938082","lon":"60.17626"}
2021-01-29 16:13:17:1317 info: Method: GET | To: /discovery | Query: {"lat":"24.938082","lon":"60.17626"}
2021-01-29 16:13:18:1318 info: Method: GET | To: /discovery | Query: {"lat":"24.938082","lon":"60.17626"}
2021-01-29 16:14:27:1427 info: Method: GET | To: /discovery | Query: {"lat":"24.938082","lon":"60.17626"}
2021-01-29 16:15:02:152 info: Method: GET | To: /discovery | Query: {"lat":"24.938082","lon":"60.17626"}
2021-01-29 16:15:21:1521 info: Method: GET | To: /discovery | Query: {"lat":"24.938082","lon":"60.17626"}
2021-01-29 16:21:02:212 info: Method: GET | To: /discovery | Query: {"lat":"24.938082","lon":"60.17626"}
2021-01-29 16:21:33:2133 info: Method: GET | To: /discovery | Query: {"lat":"24.938082","lon":"60.17626"}
2021-01-29 16:21:52:2152 info: Method: GET | To: /discovery | Query: {"lat":"24.938082","lon":"60.17646"}
2021-01-29 16:22:09:229 info: Method: GET | To: /discovery | Query: {"lat":"24.938082","lon":"60.18646"}
2021-01-29 16:22:40:2240 info: Method: GET | To: /discovery | Query: {"lat":"24.938082","lon":"60.18646"}
2021-01-29 16:22:48:2248 info: Method: GET | To: /discovery | Query: {"lat":"24.938082","lon":"60.19646"}
2021-01-29 16:22:57:2257 info: Method: GET | To: /discovery | Query: {"lat":"24.938082","lon":"60.18146"}
2021-01-29 16:23:03:233 info: Method: GET | To: /discovery | Query: {"lat":"24.938082","lon":"60.18446"}
2021-01-29 16:23:09:239 info: Method: GET | To: /discovery | Query: {"lat":"24.938082","lon":"60.18846"}
2021-01-29 16:23:18:2318 info: Method: GET | To: /discovery | Query: {"lat":"24.938082","lon":"60.18946"}
2021-01-29 16:23:53:2353 info: Method: GET | To: /discovery | Query: {"lat":"24.938082","lon":"60.18946"}
2021-01-29 16:24:02:242 info: Method: GET | To: /discovery | Query: {"lat":"24.938082","lon":"60.18996"}
2021-01-29 16:24:24:2424 info: Method: GET | To: /discovery | Query: {"lat":"24.938082","lon":"60.19096"}
2021-01-29 16:24:36:2436 info: Method: GET | To: /discovery | Query: {"lat":"24.938082","lon":"60.19296"}
2021-01-29 16:32:38:3238 info: Method: GET | To: /discovery | Query: {"lat":"24.938082","lon":"60.19296"}
2021-01-29 16:33:27:3327 info: Method: GET | To: /discovery | Query: {"lat":"24.938082","lon":"60.19296"}
2021-01-29 16:35:43:3543 info: Method: GET | To: /discovery | Query: {"lat":"24.938082","lon":"60.19296"}
2021-01-29 16:36:30:3630 info: Method: GET | To: /discovery | Query: {"lat":"24.938082","lon":"60.19296"}
2021-01-29 16:45:34:4534 info: Method: GET | To: /discovery | Query: {"lat":"24.938082","lon":"60.19296"}
2021-01-29 17:14:17:1417 info: Method: GET | To: /discovery | Query: {"lat":"24.938082","lon":"60.19296"}
2021-01-29 17:14:29:1429 info: Method: GET | To: /discovery | Query: {"lat":"24.938082","lon":"60.19296"}
2021-01-29 17:20:48:2048 info: Method: GET | To: /discovery | Query: {"lat":"24.938082","lon":"60.19296"}
2021-01-29 17:21:02:212 info: Method: GET | To: /discovery | Query: {"lat":"24.938082","lon":"60.19296"}
2021-01-29 17:21:43:2143 info: Method: GET | To: /discovery | Query: {"lat":"24.938082","lon":"60.19296"}
2021-01-29 17:22:03:223 info: Method: GET | To: /discovery | Query: {"lat":"24.938082","lon":"60.19296"}
2021-01-29 17:23:44:2344 info: Method: GET | To: /discovery | Query: {"lat":"24.938082","lon":"60.19296"}
2021-01-29 17:24:52:2452 info: Method: GET | To: /discovery | Query: {"lat":"24.938082","lon":"60.19296"}
2021-01-29 17:25:31:2531 info: Method: GET | To: /discovery | Query: {"lat":"24.938082","lon":"60.19296"}
2021-01-29 17:26:23:2623 info: Method: GET | To: /discovery | Query: {"lat":"24.938082","lon":"60.19296"}
2021-01-29 17:26:58:2658 info: Method: GET | To: /discovery | Query: {"lat":"24.938082","lon":"60.19296"}
2021-01-29 17:27:09:279 info: Method: GET | To: /discovery | Query: {"lat":"24.938082","lon":"60.18296"}
2021-01-29 17:27:52:2752 info: Method: GET | To: /discovery | Query: {"lat":"24.938082","lon":"60.19296"}
2021-01-29 17:28:03:283 info: Method: GET | To: /discovery | Query: {"lat":"24.938082","lon":"60.19296"}
2021-01-29 17:28:51:2851 info: Method: GET | To: /discovery | Query: {"lat":"24.938082","lon":"60.19296"}
2021-01-29 17:29:08:298 info: Method: GET | To: /discovery | Query: {"lat":"24.938082","lon":"60.19296"}
2021-01-29 17:29:16:2916 info: Method: GET | To: /discovery | Query: {"lat":"24.938082","lon":"60.18296"}
2021-01-29 17:29:35:2935 info: Method: GET | To: /discovery | Query: {"lat":"24.938082","lon":"60.18296"}
2021-01-29 17:37:05:375 info: Method: GET | To: /discovery | Query: {"lat":"24.938082","lon":"60.18296"}
2021-01-29 17:39:54:3954 info: Method: GET | To: /discovery | Query: {"lat":"24.938082","lon":"60.18296"}
2021-01-29 17:46:12:4612 info: Method: GET | To: /discovery | Query: {"lat":"24.938082","lon":"60.18296"}
2021-01-29 17:46:17:4617 info: Method: GET | To: /discovery | Query: {"lat":"24.938082","lon":"60.18296"}
2021-01-29 17:46:38:4638 info: Method: GET | To: /discovery | Query: {"lat":"24.938082","lon":"60.18296"}
2021-01-29 17:48:24:4824 info: Method: GET | To: /discovery | Query: {"lat":"24.938082","lon":"60.18296"}
2021-01-29 17:48:49:4849 info: Method: GET | To: /discovery | Query: {"lat":"24.938082","lon":"60.18296"}
2021-01-29 17:50:47:5047 info: Method: GET | To: /discovery | Query: {"lat":"24.938082","lon":"60.18296"}
2021-01-29 17:50:49:5049 info: Method: GET | To: /discovery | Query: {"lat":"24.938082","lon":"60.18296"}
2021-01-29 17:52:19:5219 info: Method: GET | To: /discovery | Query: {"lat":"24.938082","lon":"60.18296"}
2021-01-29 17:52:25:5225 info: Method: GET | To: /discovery | Query: {"lat":"24.938082","lon":"60.18296"}
2021-01-29 17:54:53:5453 info: Method: GET | To: /discovery | Query: {"lat":"24.938082","lon":"60.18296"}
2021-01-29 17:57:14:5714 info: Method: GET | To: /discovery | Query: {"lat":"24.938082","lon":"60.18296"}
2021-01-29 17:57:23:5723 info: Method: GET | To: /discovery | Query: {"lat":"24.938082","lon":"60.19296"}
2021-01-29 17:59:13:5913 info: Method: GET | To: /discovery | Query: {"lat":"24.938082","lon":"60.19296"}
2021-01-29 17:59:29:5929 info: Method: GET | To: /discovery | Query: {"lat":"24.938082","lon":"60.19296"}
2021-01-29 18:00:00:00 info: Method: GET | To: /discovery | Query: {"lat":"24.938082","lon":"60.18296"}
2021-01-29 18:00:33:033 info: Method: GET | To: /discovery | Query: {"lat":"24.938082","lon":"60.18296"}
2021-01-29 18:11:06:116 info: Method: GET | To: /discovery | Query: {"lat":"24.938082","lon":"60.18296"}
2021-01-29 18:11:10:1110 info: Method: GET | To: /discovery | Query: {"lat":"24.938082","lon":"1160.18296"}
2021-01-29 18:11:15:1115 info: Method: GET | To: /discovery | Query: {"lat":"24.938082","lon":"160.18296"}
2021-01-29 18:11:25:1125 info: Method: GET | To: /discovery | Query: {"lat":"24.938082","lon":"60.18296"}
2021-01-30 11:48:40:4840 info: Method: GET | To: /discovery | Query: {"lat":"24.938082","lon":"60.19296"}
2021-01-31 15:08:34:834 info: Method: GET | To: /discovery | Query: {"lat":"24.938082","lon":"60.17626"}
2021-01-31 15:08:35:835 info: Method: GET | To: /favicon.ico | Query: {}
2021-01-31 15:08:41:841 info: Method: GET | To: /discovery | Query: {"lat":"24.938082","lon":"60.18296"}
